2021-03-07 13:45:11,433 [DEBUG] [main          ] - Putting new element started ...
2021-03-07 13:45:11,435 [DEBUG] [main          ] - Object added
2021-03-07 13:45:11,435 [DEBUG] [main          ] - Putting new element started ...
2021-03-07 13:45:11,436 [DEBUG] [main          ] - Object added
2021-03-07 13:45:11,436 [DEBUG] [main          ] - Putting new element started ...
2021-03-07 13:45:11,436 [DEBUG] [main          ] - Object added
2021-03-07 13:45:11,436 [DEBUG] [main          ] - Putting new element started ...
2021-03-07 13:45:11,436 [DEBUG] [main          ] - Object added
2021-03-07 13:45:11,436 [DEBUG] [main          ] - Putting new element started ...
2021-03-07 13:45:11,436 [DEBUG] [main          ] - Object added
2021-03-07 13:45:11,465 [DEBUG] [main          ] - Putting new element started ...
2021-03-07 13:45:11,465 [DEBUG] [main          ] - Object added
2021-03-07 13:45:11,465 [DEBUG] [main          ] - Putting new element started ...
2021-03-07 13:45:11,465 [DEBUG] [main          ] - Object added
2021-03-07 13:45:11,465 [DEBUG] [main          ] - Putting new element started ...
2021-03-07 13:45:11,466 [DEBUG] [main          ] - Object added
2021-03-07 13:45:11,466 [DEBUG] [main          ] - Putting new element started ...
2021-03-07 13:45:11,466 [DEBUG] [main          ] - Object added
2021-03-07 13:45:11,466 [DEBUG] [main          ] - Putting new element started ...
2021-03-07 13:45:11,466 [DEBUG] [main          ] - Object added
2021-03-07 13:45:11,466 [DEBUG] [main          ] - Putting new element started ...
2021-03-07 13:45:11,466 [DEBUG] [main          ] - Object added
2021-03-07 13:45:11,466 [DEBUG] [main          ] - Putting new element started ...
2021-03-07 13:45:11,466 [DEBUG] [main          ] - Object not added
2021-03-07 13:45:11,466 [DEBUG] [main          ] - The user printing cache ...
2021-03-07 13:45:11,488 [DEBUG] [main          ] - The user received the object
2021-03-07 13:45:11,489 [DEBUG] [main          ] - Cache SecondName cleared
2021-03-07 13:45:11,489 [DEBUG] [main          ] - The user printing cache ...
2021-03-07 13:45:11,490 [DEBUG] [main          ] - The user did not receive the object
2021-03-07 13:45:21,502 [DEBUG] [main          ] - The user printing cache ...
2021-03-07 13:45:21,502 [DEBUG] [main          ] - All caches cleared
2021-03-07 13:50:47,662 [DEBUG] [main          ] - Putting new element started ...
2021-03-07 13:50:47,665 [DEBUG] [main          ] - Object added
2021-03-07 13:50:47,665 [DEBUG] [main          ] - The user received the object
