2021-03-03 15:49:58,940 [DEBUG] [main          ] - Putting new element started ...
2021-03-03 15:49:58,943 [DEBUG] [main          ] - Object added
2021-03-03 15:49:58,944 [DEBUG] [main          ] - Putting new element started ...
2021-03-03 15:49:58,944 [DEBUG] [main          ] - Object added
2021-03-03 15:49:58,944 [DEBUG] [main          ] - Putting new element started ...
2021-03-03 15:49:58,944 [DEBUG] [main          ] - Object added
2021-03-03 15:49:58,944 [DEBUG] [main          ] - Putting new element started ...
2021-03-03 15:49:58,944 [DEBUG] [main          ] - Object added
2021-03-03 15:49:58,944 [DEBUG] [main          ] - Putting new element started ...
2021-03-03 15:49:58,944 [DEBUG] [main          ] - Object added
2021-03-03 15:49:58,944 [DEBUG] [main          ] - Putting new element started ...
2021-03-03 15:49:58,945 [DEBUG] [main          ] - Object added
2021-03-03 15:49:58,945 [DEBUG] [main          ] - Putting new element started ...
2021-03-03 15:49:58,945 [DEBUG] [main          ] - Object added
2021-03-03 15:49:58,948 [DEBUG] [main          ] - Putting new element started ...
2021-03-03 15:49:58,948 [DEBUG] [main          ] - Object added
2021-03-03 15:49:58,948 [DEBUG] [main          ] - Putting new element started ...
2021-03-03 15:49:58,948 [DEBUG] [main          ] - Object added
2021-03-03 15:49:58,948 [DEBUG] [main          ] - Putting new element started ...
2021-03-03 15:49:58,948 [DEBUG] [main          ] - Object added
2021-03-03 15:49:58,948 [DEBUG] [main          ] - Putting new element started ...
2021-03-03 15:49:58,948 [DEBUG] [main          ] - Object added
2021-03-03 15:49:58,948 [DEBUG] [main          ] - Putting new element started ...
2021-03-03 15:49:58,949 [DEBUG] [main          ] - Object not added 
2021-03-03 15:49:58,949 [DEBUG] [main          ] - The user printing cache ...
2021-03-03 15:49:58,969 [DEBUG] [main          ] - The user received the object
2021-03-03 15:49:58,976 [DEBUG] [main          ] - Cache SecondName cleared
2021-03-03 15:49:58,976 [DEBUG] [main          ] - The user printing cache ...
2021-03-03 15:49:58,977 [DEBUG] [main          ] - The user did not receive the object
2021-03-03 15:50:08,988 [DEBUG] [main          ] - The user printing cache ...
2021-03-03 15:50:08,989 [DEBUG] [main          ] - All caches cleared
2021-03-03 15:54:10,745 [DEBUG] [main          ] - Putting new element started ...
2021-03-03 15:54:10,749 [DEBUG] [main          ] - Object added
2021-03-03 15:54:10,749 [DEBUG] [main          ] - Putting new element started ...
2021-03-03 15:54:10,749 [DEBUG] [main          ] - Object added
2021-03-03 15:54:10,749 [DEBUG] [main          ] - Putting new element started ...
2021-03-03 15:54:10,749 [DEBUG] [main          ] - Object added
2021-03-03 15:54:10,749 [DEBUG] [main          ] - Putting new element started ...
2021-03-03 15:54:10,749 [DEBUG] [main          ] - Object added
2021-03-03 15:54:10,749 [DEBUG] [main          ] - Putting new element started ...
2021-03-03 15:54:10,749 [DEBUG] [main          ] - Object added
2021-03-03 15:54:10,749 [DEBUG] [main          ] - Putting new element started ...
2021-03-03 15:54:10,749 [DEBUG] [main          ] - Object added
2021-03-03 15:54:10,750 [DEBUG] [main          ] - Putting new element started ...
2021-03-03 15:54:10,750 [DEBUG] [main          ] - Object added
2021-03-03 15:54:10,750 [DEBUG] [main          ] - Putting new element started ...
2021-03-03 15:54:10,750 [DEBUG] [main          ] - Object added
2021-03-03 15:54:10,750 [DEBUG] [main          ] - Putting new element started ...
2021-03-03 15:54:10,750 [DEBUG] [main          ] - Object added
2021-03-03 15:54:10,750 [DEBUG] [main          ] - Putting new element started ...
2021-03-03 15:54:10,750 [DEBUG] [main          ] - Object added
2021-03-03 15:54:10,750 [DEBUG] [main          ] - Putting new element started ...
2021-03-03 15:54:10,750 [DEBUG] [main          ] - Object added
2021-03-03 15:54:10,750 [DEBUG] [main          ] - Putting new element started ...
2021-03-03 15:54:10,751 [DEBUG] [main          ] - Object not added 
2021-03-03 15:54:10,751 [DEBUG] [main          ] - The user printing cache ...
2021-03-03 15:54:10,771 [DEBUG] [main          ] - The user received the object
2021-03-03 15:54:10,778 [DEBUG] [main          ] - Cache SecondName cleared
2021-03-03 15:54:10,779 [DEBUG] [main          ] - The user printing cache ...
2021-03-03 15:54:10,780 [DEBUG] [main          ] - The user did not receive the object
2021-03-03 15:54:20,792 [DEBUG] [main          ] - The user printing cache ...
2021-03-03 15:54:20,793 [DEBUG] [main          ] - All caches cleared
2021-03-03 15:55:10,190 [DEBUG] [main          ] - Putting new element started ...
2021-03-03 15:55:10,193 [DEBUG] [main          ] - Object added
2021-03-03 15:55:10,194 [DEBUG] [main          ] - Putting new element started ...
2021-03-03 15:55:10,194 [DEBUG] [main          ] - Object added
2021-03-03 15:55:10,194 [DEBUG] [main          ] - Putting new element started ...
2021-03-03 15:55:10,194 [DEBUG] [main          ] - Object added
2021-03-03 15:55:10,194 [DEBUG] [main          ] - Putting new element started ...
2021-03-03 15:55:10,194 [DEBUG] [main          ] - Object added
2021-03-03 15:55:10,194 [DEBUG] [main          ] - Putting new element started ...
2021-03-03 15:55:10,194 [DEBUG] [main          ] - Object added
2021-03-03 15:55:10,194 [DEBUG] [main          ] - Putting new element started ...
2021-03-03 15:55:10,194 [DEBUG] [main          ] - Object added
2021-03-03 15:55:10,194 [DEBUG] [main          ] - Putting new element started ...
2021-03-03 15:55:10,194 [DEBUG] [main          ] - Object added
2021-03-03 15:55:10,194 [DEBUG] [main          ] - Putting new element started ...
2021-03-03 15:55:10,194 [DEBUG] [main          ] - Object added
2021-03-03 15:55:10,195 [DEBUG] [main          ] - Putting new element started ...
2021-03-03 15:55:10,195 [DEBUG] [main          ] - Object added
2021-03-03 15:55:10,195 [DEBUG] [main          ] - Putting new element started ...
2021-03-03 15:55:10,195 [DEBUG] [main          ] - Object added
2021-03-03 15:55:10,195 [DEBUG] [main          ] - Putting new element started ...
2021-03-03 15:55:10,195 [DEBUG] [main          ] - Object added
2021-03-03 15:55:10,195 [DEBUG] [main          ] - Putting new element started ...
2021-03-03 15:55:10,195 [DEBUG] [main          ] - Object not added 
2021-03-03 15:55:10,195 [DEBUG] [main          ] - The user printing cache ...
2021-03-03 15:55:10,220 [DEBUG] [main          ] - The user received the object
2021-03-03 15:55:10,230 [DEBUG] [main          ] - Cache SecondName cleared
2021-03-03 15:55:10,230 [DEBUG] [main          ] - The user printing cache ...
2021-03-03 15:55:10,230 [DEBUG] [main          ] - The user received the object
2021-03-03 15:55:20,233 [DEBUG] [main          ] - The user printing cache ...
2021-03-03 15:55:20,233 [DEBUG] [main          ] - All caches cleared
2021-03-03 15:56:40,809 [DEBUG] [main          ] - Putting new element started ...
2021-03-03 15:56:40,813 [DEBUG] [main          ] - Object added
2021-03-03 15:56:40,813 [DEBUG] [main          ] - Putting new element started ...
2021-03-03 15:56:40,813 [DEBUG] [main          ] - Object added
2021-03-03 15:56:40,813 [DEBUG] [main          ] - Putting new element started ...
2021-03-03 15:56:40,813 [DEBUG] [main          ] - Object added
2021-03-03 15:56:40,813 [DEBUG] [main          ] - Putting new element started ...
2021-03-03 15:56:40,813 [DEBUG] [main          ] - Object added
2021-03-03 15:56:40,813 [DEBUG] [main          ] - Putting new element started ...
2021-03-03 15:56:40,813 [DEBUG] [main          ] - Object added
2021-03-03 15:56:40,813 [DEBUG] [main          ] - Putting new element started ...
2021-03-03 15:56:40,813 [DEBUG] [main          ] - Object added
2021-03-03 15:56:40,813 [DEBUG] [main          ] - Putting new element started ...
2021-03-03 15:56:40,813 [DEBUG] [main          ] - Object added
2021-03-03 15:56:40,816 [DEBUG] [main          ] - Putting new element started ...
2021-03-03 15:56:40,816 [DEBUG] [main          ] - Object added
2021-03-03 15:56:40,817 [DEBUG] [main          ] - Putting new element started ...
2021-03-03 15:56:40,817 [DEBUG] [main          ] - Object added
2021-03-03 15:56:40,817 [DEBUG] [main          ] - Putting new element started ...
2021-03-03 15:56:40,817 [DEBUG] [main          ] - Object added
2021-03-03 15:56:40,817 [DEBUG] [main          ] - Putting new element started ...
2021-03-03 15:56:40,817 [DEBUG] [main          ] - Object added
2021-03-03 15:56:40,817 [DEBUG] [main          ] - Putting new element started ...
2021-03-03 15:56:40,817 [DEBUG] [main          ] - Object not added 
2021-03-03 15:56:40,818 [DEBUG] [main          ] - The user printing cache ...
2021-03-03 15:56:40,839 [DEBUG] [main          ] - The user received the object
2021-03-03 15:56:40,846 [DEBUG] [main          ] - Cache SecondName cleared
2021-03-03 15:56:40,846 [DEBUG] [main          ] - The user printing cache ...
2021-03-03 15:56:40,847 [DEBUG] [main          ] - The user did not receive the object
2021-03-03 15:56:50,861 [DEBUG] [main          ] - The user printing cache ...
2021-03-03 15:56:50,861 [DEBUG] [main          ] - All caches cleared
2021-03-03 16:09:38,341 [DEBUG] [main          ] - Putting new element started ...
2021-03-03 16:09:38,345 [DEBUG] [main          ] - Object added
2021-03-03 16:10:27,945 [DEBUG] [main          ] - Putting new element started ...
2021-03-03 16:10:27,948 [DEBUG] [main          ] - Object not added 
2021-03-03 16:12:08,388 [DEBUG] [main          ] - Putting new element started ...
2021-03-03 16:12:08,392 [DEBUG] [main          ] - Object added
2021-03-03 16:12:08,404 [DEBUG] [main          ] - The user received the object
2021-03-03 16:12:28,609 [DEBUG] [main          ] - Putting new element started ...
2021-03-03 16:12:28,613 [DEBUG] [main          ] - Object added
2021-03-03 16:12:28,613 [DEBUG] [main          ] - The user received the object
2021-03-03 16:12:35,978 [DEBUG] [main          ] - Putting new element started ...
2021-03-03 16:12:35,982 [DEBUG] [main          ] - Object added
2021-03-03 16:12:35,982 [DEBUG] [main          ] - The user received the object
2021-03-03 16:15:43,838 [DEBUG] [main          ] - Putting new element started ...
2021-03-03 16:15:43,842 [DEBUG] [main          ] - Object added
2021-03-03 16:15:43,843 [DEBUG] [main          ] - The user received the object
2021-03-03 16:18:22,075 [DEBUG] [main          ] - Putting new element started ...
2021-03-03 16:18:22,078 [DEBUG] [main          ] - Object added
2021-03-03 16:18:22,091 [DEBUG] [main          ] - The user received the object
2021-03-03 16:19:34,265 [DEBUG] [main          ] - Putting new element started ...
2021-03-03 16:19:34,267 [DEBUG] [main          ] - Object added
2021-03-03 16:19:34,279 [DEBUG] [main          ] - The user received the object
2021-03-03 16:19:34,279 [DEBUG] [main          ] - The user received the object
2021-03-03 16:20:26,826 [DEBUG] [main          ] - Putting new element started ...
2021-03-03 16:20:26,829 [DEBUG] [main          ] - Object added
2021-03-03 16:20:26,839 [DEBUG] [main          ] - The user received the object
2021-03-03 16:22:19,881 [DEBUG] [main          ] - Putting new element started ...
2021-03-03 16:22:19,885 [DEBUG] [main          ] - Object added
2021-03-03 16:25:53,684 [DEBUG] [main          ] - Putting new element started ...
2021-03-03 16:25:53,687 [DEBUG] [main          ] - Object added
2021-03-03 16:25:53,687 [DEBUG] [main          ] - Putting new element started ...
2021-03-03 16:25:53,687 [DEBUG] [main          ] - Object added
2021-03-03 16:25:53,687 [DEBUG] [main          ] - All caches cleared
2021-03-03 16:28:22,260 [DEBUG] [main          ] - Putting new element started ...
2021-03-03 16:28:22,263 [DEBUG] [main          ] - Object added
2021-03-03 16:28:22,263 [DEBUG] [main          ] - Putting new element started ...
2021-03-03 16:28:22,263 [DEBUG] [main          ] - Object added
2021-03-03 16:28:22,270 [DEBUG] [main          ] - Cache FirstName cleared
2021-03-03 16:28:22,272 [DEBUG] [main          ] - The user did not receive the object
2021-03-03 16:29:30,813 [DEBUG] [main          ] - Putting new element started ...
2021-03-03 16:29:30,815 [DEBUG] [main          ] - Object added
2021-03-03 16:29:30,815 [DEBUG] [main          ] - Putting new element started ...
2021-03-03 16:29:30,815 [DEBUG] [main          ] - Object added
2021-03-03 16:29:30,822 [DEBUG] [main          ] - Cache FirstName cleared
2021-03-03 16:29:30,823 [DEBUG] [main          ] - The user did not receive the object
2021-03-03 16:30:03,187 [DEBUG] [main          ] - Putting new element started ...
2021-03-03 16:30:03,189 [DEBUG] [main          ] - Object added
2021-03-03 16:30:03,190 [DEBUG] [main          ] - Putting new element started ...
2021-03-03 16:30:03,190 [DEBUG] [main          ] - Object added
2021-03-03 16:30:03,196 [DEBUG] [main          ] - Cache FirstName cleared
2021-03-03 16:30:55,397 [DEBUG] [main          ] - Putting new element started ...
2021-03-03 16:30:55,400 [DEBUG] [main          ] - Object added
2021-03-03 16:30:55,400 [DEBUG] [main          ] - Putting new element started ...
2021-03-03 16:30:55,400 [DEBUG] [main          ] - Object added
2021-03-03 16:30:55,407 [DEBUG] [main          ] - Cache FirstName cleared
2021-03-03 16:31:16,192 [DEBUG] [main          ] - Putting new element started ...
2021-03-03 16:31:16,194 [DEBUG] [main          ] - Object added
2021-03-03 16:31:16,194 [DEBUG] [main          ] - Putting new element started ...
2021-03-03 16:31:16,194 [DEBUG] [main          ] - Object added
2021-03-03 16:31:16,202 [DEBUG] [main          ] - Cache FirstName cleared
2021-03-03 16:31:47,132 [DEBUG] [main          ] - Putting new element started ...
2021-03-03 16:31:47,135 [DEBUG] [main          ] - Object added
2021-03-03 16:31:47,135 [DEBUG] [main          ] - Putting new element started ...
2021-03-03 16:31:47,135 [DEBUG] [main          ] - Object added
2021-03-03 16:31:47,142 [DEBUG] [main          ] - Cache FirstName cleared
2021-03-03 16:32:05,028 [DEBUG] [main          ] - Putting new element started ...
2021-03-03 16:32:05,031 [DEBUG] [main          ] - Object added
2021-03-03 16:32:05,031 [DEBUG] [main          ] - Putting new element started ...
2021-03-03 16:32:05,031 [DEBUG] [main          ] - Object added
2021-03-03 16:32:05,037 [DEBUG] [main          ] - Cache FirstName cleared
2021-03-03 16:32:05,037 [DEBUG] [main          ] - The user did not receive the object
2021-03-03 16:33:00,971 [DEBUG] [main          ] - Putting new element started ...
2021-03-03 16:33:00,973 [DEBUG] [main          ] - Object added
2021-03-03 16:33:00,973 [DEBUG] [main          ] - Putting new element started ...
2021-03-03 16:33:00,973 [DEBUG] [main          ] - Object added
2021-03-03 16:33:00,980 [DEBUG] [main          ] - Cache FirstName cleared
2021-03-03 16:33:46,872 [DEBUG] [main          ] - Putting new element started ...
2021-03-03 16:33:46,874 [DEBUG] [main          ] - Object added
2021-03-03 16:33:46,874 [DEBUG] [main          ] - Putting new element started ...
2021-03-03 16:33:46,874 [DEBUG] [main          ] - Object added
2021-03-03 16:33:46,880 [DEBUG] [main          ] - Cache FirstName cleared
2021-03-03 16:35:22,916 [DEBUG] [main          ] - Putting new element started ...
2021-03-03 16:35:22,919 [DEBUG] [main          ] - Object added
2021-03-03 16:35:22,919 [DEBUG] [main          ] - Putting new element started ...
2021-03-03 16:35:22,919 [DEBUG] [main          ] - Object added
2021-03-03 16:35:22,925 [DEBUG] [main          ] - Cache FirstName cleared
2021-03-03 16:35:52,753 [DEBUG] [main          ] - Putting new element started ...
2021-03-03 16:35:52,756 [DEBUG] [main          ] - Object added
2021-03-03 16:35:52,756 [DEBUG] [main          ] - Putting new element started ...
2021-03-03 16:35:52,756 [DEBUG] [main          ] - Object added
2021-03-03 16:35:52,764 [DEBUG] [main          ] - Cache FirstName cleared
2021-03-03 16:36:22,392 [DEBUG] [main          ] - Putting new element started ...
2021-03-03 16:36:22,397 [DEBUG] [main          ] - Object added
2021-03-03 16:36:22,397 [DEBUG] [main          ] - Putting new element started ...
2021-03-03 16:36:22,397 [DEBUG] [main          ] - Object added
2021-03-03 16:36:22,405 [DEBUG] [main          ] - Cache FirstName cleared
2021-03-03 16:37:00,738 [DEBUG] [main          ] - Putting new element started ...
2021-03-03 16:37:00,741 [DEBUG] [main          ] - Object added
2021-03-03 16:37:00,741 [DEBUG] [main          ] - Putting new element started ...
2021-03-03 16:37:00,741 [DEBUG] [main          ] - Object added
2021-03-03 16:37:00,747 [DEBUG] [main          ] - Cache FirstName cleared
2021-03-03 16:38:31,452 [DEBUG] [main          ] - Putting new element started ...
2021-03-03 16:38:31,455 [DEBUG] [main          ] - Object added
2021-03-03 16:38:31,455 [DEBUG] [main          ] - Putting new element started ...
2021-03-03 16:38:31,455 [DEBUG] [main          ] - Object added
2021-03-03 16:38:31,455 [DEBUG] [main          ] - Putting new element started ...
2021-03-03 16:38:31,455 [DEBUG] [main          ] - Object added
2021-03-03 16:38:31,455 [DEBUG] [main          ] - Putting new element started ...
2021-03-03 16:38:31,456 [DEBUG] [main          ] - Object added
2021-03-03 16:38:31,456 [DEBUG] [main          ] - Putting new element started ...
2021-03-03 16:38:31,456 [DEBUG] [main          ] - Object added
2021-03-03 16:38:31,456 [DEBUG] [main          ] - Putting new element started ...
2021-03-03 16:38:31,456 [DEBUG] [main          ] - Object added
2021-03-03 16:38:31,456 [DEBUG] [main          ] - Putting new element started ...
2021-03-03 16:38:31,456 [DEBUG] [main          ] - Object not added 
2021-03-03 16:38:31,456 [DEBUG] [main          ] - The user printing cache ...
2021-03-03 16:38:31,468 [DEBUG] [main          ] - The user did not receive the object
2021-03-03 16:39:03,622 [DEBUG] [main          ] - Putting new element started ...
2021-03-03 16:39:03,626 [DEBUG] [main          ] - Object added
2021-03-03 16:39:03,626 [DEBUG] [main          ] - Putting new element started ...
2021-03-03 16:39:03,626 [DEBUG] [main          ] - Object added
2021-03-03 16:39:03,626 [DEBUG] [main          ] - Putting new element started ...
2021-03-03 16:39:03,626 [DEBUG] [main          ] - Object added
2021-03-03 16:39:03,626 [DEBUG] [main          ] - Putting new element started ...
2021-03-03 16:39:03,626 [DEBUG] [main          ] - Object added
2021-03-03 16:39:03,626 [DEBUG] [main          ] - Putting new element started ...
2021-03-03 16:39:03,626 [DEBUG] [main          ] - Object added
2021-03-03 16:39:03,626 [DEBUG] [main          ] - Putting new element started ...
2021-03-03 16:39:03,626 [DEBUG] [main          ] - Object added
2021-03-03 16:39:03,626 [DEBUG] [main          ] - Putting new element started ...
2021-03-03 16:39:03,626 [DEBUG] [main          ] - Object not added 
2021-03-03 16:39:03,627 [DEBUG] [main          ] - The user printing cache ...
2021-03-03 16:39:03,636 [DEBUG] [main          ] - The user did not receive the object
2021-03-03 16:39:03,642 [DEBUG] [main          ] - Cache SecondName cleared
2021-03-03 16:39:03,643 [DEBUG] [main          ] - The user printing cache ...
2021-03-03 16:39:03,643 [DEBUG] [main          ] - The user did not receive the object
2021-03-03 16:39:13,649 [DEBUG] [main          ] - The user printing cache ...
2021-03-03 16:39:13,650 [DEBUG] [main          ] - All caches cleared
2021-03-03 16:39:24,239 [DEBUG] [main          ] - Putting new element started ...
2021-03-03 16:39:24,243 [DEBUG] [main          ] - Object added
2021-03-03 16:39:24,243 [DEBUG] [main          ] - Putting new element started ...
2021-03-03 16:39:24,243 [DEBUG] [main          ] - Object added
2021-03-03 16:39:24,243 [DEBUG] [main          ] - Putting new element started ...
2021-03-03 16:39:24,243 [DEBUG] [main          ] - Object added
2021-03-03 16:39:24,243 [DEBUG] [main          ] - Putting new element started ...
2021-03-03 16:39:24,243 [DEBUG] [main          ] - Object added
2021-03-03 16:39:24,243 [DEBUG] [main          ] - Putting new element started ...
2021-03-03 16:39:24,243 [DEBUG] [main          ] - Object added
2021-03-03 16:39:24,243 [DEBUG] [main          ] - Putting new element started ...
2021-03-03 16:39:24,243 [DEBUG] [main          ] - Object added
2021-03-03 16:39:24,243 [DEBUG] [main          ] - Putting new element started ...
2021-03-03 16:39:24,243 [DEBUG] [main          ] - Object not added 
2021-03-03 16:39:24,244 [DEBUG] [main          ] - The user printing cache ...
2021-03-03 16:39:24,257 [DEBUG] [main          ] - The user did not receive the object
2021-03-03 16:39:24,263 [DEBUG] [main          ] - Cache SecondName cleared
2021-03-03 16:40:07,084 [DEBUG] [main          ] - Putting new element started ...
2021-03-03 16:40:07,087 [DEBUG] [main          ] - Object added
2021-03-03 16:40:07,087 [DEBUG] [main          ] - Putting new element started ...
2021-03-03 16:40:07,087 [DEBUG] [main          ] - Object added
2021-03-03 16:40:07,087 [DEBUG] [main          ] - Putting new element started ...
2021-03-03 16:40:07,087 [DEBUG] [main          ] - Object added
2021-03-03 16:40:07,087 [DEBUG] [main          ] - Putting new element started ...
2021-03-03 16:40:07,087 [DEBUG] [main          ] - Object added
2021-03-03 16:40:07,087 [DEBUG] [main          ] - Putting new element started ...
2021-03-03 16:40:07,087 [DEBUG] [main          ] - Object added
2021-03-03 16:40:07,087 [DEBUG] [main          ] - Putting new element started ...
2021-03-03 16:40:07,087 [DEBUG] [main          ] - Object added
2021-03-03 16:40:07,087 [DEBUG] [main          ] - Putting new element started ...
2021-03-03 16:40:07,088 [DEBUG] [main          ] - Object not added 
2021-03-03 16:40:07,088 [DEBUG] [main          ] - The user printing cache ...
2021-03-03 16:40:07,097 [DEBUG] [main          ] - The user did not receive the object
2021-03-03 16:40:07,104 [DEBUG] [main          ] - Cache SecondName cleared
2021-03-03 16:42:08,386 [DEBUG] [main          ] - Putting new element started ...
2021-03-03 16:42:08,389 [DEBUG] [main          ] - Object added
2021-03-03 16:42:08,389 [DEBUG] [main          ] - Putting new element started ...
2021-03-03 16:42:08,389 [DEBUG] [main          ] - Object added
2021-03-03 16:42:08,395 [DEBUG] [main          ] - Cache FirstName cleared
2021-03-03 16:44:19,666 [DEBUG] [main          ] - Putting new element started ...
2021-03-03 16:44:19,669 [DEBUG] [main          ] - Object added
2021-03-03 16:44:29,677 [DEBUG] [main          ] - All caches cleared
2021-03-03 16:44:29,678 [DEBUG] [main          ] - The user did not receive the object
2021-03-03 16:45:27,515 [DEBUG] [main          ] - Putting new element started ...
2021-03-03 16:45:27,518 [DEBUG] [main          ] - Object added
2021-03-03 16:45:27,518 [DEBUG] [main          ] - Putting new element started ...
2021-03-03 16:45:27,518 [DEBUG] [main          ] - Object added
2021-03-03 16:45:27,518 [DEBUG] [main          ] - Putting new element started ...
2021-03-03 16:45:27,518 [DEBUG] [main          ] - Object added
2021-03-03 16:45:27,518 [DEBUG] [main          ] - Putting new element started ...
2021-03-03 16:45:27,518 [DEBUG] [main          ] - Object added
2021-03-03 16:45:27,518 [DEBUG] [main          ] - Putting new element started ...
2021-03-03 16:45:27,518 [DEBUG] [main          ] - Object added
2021-03-03 16:45:27,518 [DEBUG] [main          ] - Putting new element started ...
2021-03-03 16:45:27,518 [DEBUG] [main          ] - Object added
2021-03-03 16:45:27,519 [DEBUG] [main          ] - Putting new element started ...
2021-03-03 16:45:27,519 [DEBUG] [main          ] - Object added
2021-03-03 16:45:27,519 [DEBUG] [main          ] - Putting new element started ...
2021-03-03 16:45:27,519 [DEBUG] [main          ] - Object added
2021-03-03 16:45:27,519 [DEBUG] [main          ] - Putting new element started ...
2021-03-03 16:45:27,519 [DEBUG] [main          ] - Object added
2021-03-03 16:45:27,519 [DEBUG] [main          ] - Putting new element started ...
2021-03-03 16:45:27,519 [DEBUG] [main          ] - Object added
2021-03-03 16:45:27,519 [DEBUG] [main          ] - Putting new element started ...
2021-03-03 16:45:27,519 [DEBUG] [main          ] - Object added
2021-03-03 16:45:27,519 [DEBUG] [main          ] - Putting new element started ...
2021-03-03 16:45:27,520 [DEBUG] [main          ] - Object not added 
2021-03-03 16:45:27,520 [DEBUG] [main          ] - The user printing cache ...
2021-03-03 16:45:27,541 [DEBUG] [main          ] - The user received the object
2021-03-03 16:45:27,549 [DEBUG] [main          ] - Cache SecondName cleared
2021-03-03 16:45:27,550 [DEBUG] [main          ] - The user printing cache ...
2021-03-03 16:45:27,550 [DEBUG] [main          ] - The user did not receive the object
2021-03-03 16:45:37,556 [DEBUG] [main          ] - The user printing cache ...
2021-03-03 16:45:37,557 [DEBUG] [main          ] - All caches cleared
2021-03-03 16:45:37,557 [DEBUG] [main          ] - The user printing cache ...
2021-03-03 16:45:37,557 [DEBUG] [main          ] - All caches cleared
2021-03-03 16:45:54,842 [DEBUG] [main          ] - Putting new element started ...
2021-03-03 16:45:54,845 [DEBUG] [main          ] - Object added
2021-03-03 16:45:54,845 [DEBUG] [main          ] - Putting new element started ...
2021-03-03 16:45:54,845 [DEBUG] [main          ] - Object added
2021-03-03 16:45:54,845 [DEBUG] [main          ] - Putting new element started ...
2021-03-03 16:45:54,845 [DEBUG] [main          ] - Object added
2021-03-03 16:45:54,845 [DEBUG] [main          ] - Putting new element started ...
2021-03-03 16:45:54,845 [DEBUG] [main          ] - Object added
2021-03-03 16:45:54,845 [DEBUG] [main          ] - Putting new element started ...
2021-03-03 16:45:54,845 [DEBUG] [main          ] - Object added
2021-03-03 16:45:54,845 [DEBUG] [main          ] - Putting new element started ...
2021-03-03 16:45:54,845 [DEBUG] [main          ] - Object added
2021-03-03 16:45:54,846 [DEBUG] [main          ] - Putting new element started ...
2021-03-03 16:45:54,846 [DEBUG] [main          ] - Object added
2021-03-03 16:45:54,846 [DEBUG] [main          ] - Putting new element started ...
2021-03-03 16:45:54,846 [DEBUG] [main          ] - Object added
2021-03-03 16:45:54,846 [DEBUG] [main          ] - Putting new element started ...
2021-03-03 16:45:54,846 [DEBUG] [main          ] - Object added
2021-03-03 16:45:54,846 [DEBUG] [main          ] - Putting new element started ...
2021-03-03 16:45:54,846 [DEBUG] [main          ] - Object added
2021-03-03 16:45:54,846 [DEBUG] [main          ] - Putting new element started ...
2021-03-03 16:45:54,846 [DEBUG] [main          ] - Object added
2021-03-03 16:45:54,846 [DEBUG] [main          ] - Putting new element started ...
2021-03-03 16:45:54,846 [DEBUG] [main          ] - Object not added 
2021-03-03 16:45:54,847 [DEBUG] [main          ] - The user printing cache ...
2021-03-03 16:45:54,869 [DEBUG] [main          ] - The user received the object
2021-03-03 16:45:54,877 [DEBUG] [main          ] - Cache SecondName cleared
2021-03-03 16:45:54,878 [DEBUG] [main          ] - The user printing cache ...
2021-03-03 16:45:54,878 [DEBUG] [main          ] - The user did not receive the object
2021-03-03 16:46:04,893 [DEBUG] [main          ] - The user printing cache ...
2021-03-03 16:46:04,894 [DEBUG] [main          ] - All caches cleared
2021-03-03 16:46:55,458 [DEBUG] [main          ] - Putting new element started ...
2021-03-03 16:46:55,461 [DEBUG] [main          ] - Object added
2021-03-03 16:46:55,461 [DEBUG] [main          ] - Putting new element started ...
2021-03-03 16:46:55,461 [DEBUG] [main          ] - Object added
2021-03-03 16:46:55,461 [DEBUG] [main          ] - The user printing cache ...
